0 info it worked if it ends with ok
1 verbose cli [ '/Users/dscales/.nvm/versions/node/v6.11.1/bin/node',
1 verbose cli   '/Users/dscales/.nvm/versions/node/v6.11.1/bin/npm',
1 verbose cli   'run',
1 verbose cli   'start' ]
2 info using npm@3.10.10
3 info using node@v6.11.1
4 verbose run-script [ 'prestart', 'start', 'poststart' ]
5 info lifecycle solution@1.0.0~prestart: solution@1.0.0
6 silly lifecycle solution@1.0.0~prestart: no script for prestart, continuing
7 info lifecycle solution@1.0.0~start: solution@1.0.0
8 verbose lifecycle solution@1.0.0~start: unsafe-perm in lifecycle true
9 verbose lifecycle solution@1.0.0~start: PATH: /Users/dscales/.nvm/versions/node/v6.11.1/lib/node_modules/npm/bin/node-gyp-bin:/Users/dscales/Desktop/Poland/gerrit-pwa-training-labs/data-driven-pwas-krakow/project/node_modules/.bin:/Users/dscales/.nvm/versions/node/v6.11.1/bin:/usr/local/git/current/bin:/usr/local/bin:/usr/bin:/bin:/usr/local/sbin:/usr/sbin:/sbin:/usr/local/go/bin
10 verbose lifecycle solution@1.0.0~start: CWD: /Users/dscales/Desktop/Poland/gerrit-pwa-training-labs/data-driven-pwas-krakow/project
11 silly lifecycle solution@1.0.0~start: Args: [ '-c',
11 silly lifecycle   'gulp && concurrently --kill-others "gulp watch" "node server.js"' ]
12 silly lifecycle solution@1.0.0~start: Returned: code: 1  signal: null
13 info lifecycle solution@1.0.0~start: Failed to exec start script
14 verbose stack Error: solution@1.0.0 start: `gulp && concurrently --kill-others "gulp watch" "node server.js"`
14 verbose stack Exit status 1
14 verbose stack     at EventEmitter.<anonymous> (/Users/dscales/.nvm/versions/node/v6.11.1/lib/node_modules/npm/lib/utils/lifecycle.js:255:16)
14 verbose stack     at emitTwo (events.js:106:13)
14 verbose stack     at EventEmitter.emit (events.js:191:7)
14 verbose stack     at ChildProcess.<anonymous> (/Users/dscales/.nvm/versions/node/v6.11.1/lib/node_modules/npm/lib/utils/spawn.js:40:14)
14 verbose stack     at emitTwo (events.js:106:13)
14 verbose stack     at ChildProcess.emit (events.js:191:7)
14 verbose stack     at maybeClose (internal/child_process.js:891:16)
14 verbose stack     at Process.ChildProcess._handle.onexit (internal/child_process.js:226:5)
15 verbose pkgid solution@1.0.0
16 verbose cwd /Users/dscales/Desktop/Poland/gerrit-pwa-training-labs/data-driven-pwas-krakow/project
17 error Darwin 16.7.0
18 error argv "/Users/dscales/.nvm/versions/node/v6.11.1/bin/node" "/Users/dscales/.nvm/versions/node/v6.11.1/bin/npm" "run" "start"
19 error node v6.11.1
20 error npm  v3.10.10
21 error code ELIFECYCLE
22 error solution@1.0.0 start: `gulp && concurrently --kill-others "gulp watch" "node server.js"`
22 error Exit status 1
23 error Failed at the solution@1.0.0 start script 'gulp && concurrently --kill-others "gulp watch" "node server.js"'.
23 error Make sure you have the latest version of node.js and npm installed.
23 error If you do, this is most likely a problem with the solution package,
23 error not with npm itself.
23 error Tell the author that this fails on your system:
23 error     gulp && concurrently --kill-others "gulp watch" "node server.js"
23 error You can get information on how to open an issue for this project with:
23 error     npm bugs solution
23 error Or if that isn't available, you can get their info via:
23 error     npm owner ls solution
23 error There is likely additional logging output above.
24 verbose exit [ 1, true ]
